<?xml version="1.0" encoding="UTF-8"?>
<!-- Generated by org.testng.reporters.JUnitReportReporter -->
<testsuite skipped="0" hostname="LenovoL420-13" name="testcases.TC001" tests="1" failures="0" timestamp="25 Sep 2018 10:34:35 GMT" time="7.166" errors="0">
  <testcase name="startbrowser" time="7.166" classname="testcases.TC001"/>
</testsuite> <!-- testcases.TC001 -->
