<?xml version="1.0" encoding="UTF-8"?>
<!-- Generated by org.testng.reporters.JUnitReportReporter -->
<testsuite skipped="0" hostname="LenovoL420-13" name="base.instantiatedriver" tests="1" failures="0" timestamp="25 Sep 2018 07:08:54 GMT" time="43.490" errors="0">
  <testcase name="startbrowser" time="43.490" classname="base.instantiatedriver"/>
</testsuite> <!-- base.instantiatedriver -->
